<?xml version="1.0" encoding="UTF-8"?>
<testng-results skipped="0" failed="0" total="2" passed="2">
  <reporter-output>
  </reporter-output>
  <suite name="milkwaymavenPro2.New1Test" duration-ms="26" started-at="2019-08-20T09:53:12Z" finished-at="2019-08-20T09:53:12Z">
    <groups>
    </groups>
    <test name="Command line test 4e3c0ae2-bf55-4ad3-b198-c4ec0fbe1615" duration-ms="26" started-at="2019-08-20T09:53:12Z" finished-at="2019-08-20T09:53:12Z">
      <class name="milkwaymavenPro2.New1Test">
        <test-method status="PASS" signature="beforeTest()[pri:0, instance:milkwaymavenPro2.New1Test@48140564]" name="beforeTest" is-config="true" duration-ms="10" started-at="2019-08-20T17:53:12Z" finished-at="2019-08-20T17:53:12Z">
          <reporter-output>
          </reporter-output>
        </test-method> <!-- beforeTest -->
        <test-method status="PASS" signature="f()[pri:0, instance:milkwaymavenPro2.New1Test@48140564]" name="f" duration-ms="3" started-at="2019-08-20T17:53:12Z" finished-at="2019-08-20T17:53:12Z">
          <reporter-output>
          </reporter-output>
        </test-method> <!-- f -->
        <test-method status="PASS" signature="afterTest()[pri:0, instance:milkwaymavenPro2.New1Test@48140564]" name="afterTest" is-config="true" duration-ms="1" started-at="2019-08-20T17:53:12Z" finished-at="2019-08-20T17:53:12Z">
          <reporter-output>
          </reporter-output>
        </test-method> <!-- afterTest -->
      </class> <!-- milkwaymavenPro2.New1Test -->
    </test> <!-- Command line test 4e3c0ae2-bf55-4ad3-b198-c4ec0fbe1615 -->
  </suite> <!-- milkwaymavenPro2.New1Test -->
  <suite name="milkwaymavenPro2.NewTest" duration-ms="1" started-at="2019-08-20T09:53:12Z" finished-at="2019-08-20T09:53:12Z">
    <groups>
    </groups>
    <test name="Command line test a38a0e7f-2261-4b51-9bee-20bff88e6818" duration-ms="1" started-at="2019-08-20T09:53:12Z" finished-at="2019-08-20T09:53:12Z">
      <class name="milkwaymavenPro2.NewTest">
        <test-method status="PASS" signature="f()[pri:0, instance:milkwaymavenPro2.NewTest@7f690630]" name="f" duration-ms="1" started-at="2019-08-20T17:53:12Z" finished-at="2019-08-20T17:53:12Z">
          <reporter-output>
          </reporter-output>
        </test-method> <!-- f -->
        <test-method status="PASS" signature="beforeTest()[pri:0, instance:milkwaymavenPro2.NewTest@7f690630]" name="beforeTest" is-config="true" duration-ms="0" started-at="2019-08-20T17:53:12Z" finished-at="2019-08-20T17:53:12Z">
          <reporter-output>
          </reporter-output>
        </test-method> <!-- beforeTest -->
        <test-method status="PASS" signature="afterTest()[pri:0, instance:milkwaymavenPro2.NewTest@7f690630]" name="afterTest" is-config="true" duration-ms="0" started-at="2019-08-20T17:53:12Z" finished-at="2019-08-20T17:53:12Z">
          <reporter-output>
          </reporter-output>
        </test-method> <!-- afterTest -->
      </class> <!-- milkwaymavenPro2.NewTest -->
    </test> <!-- Command line test a38a0e7f-2261-4b51-9bee-20bff88e6818 -->
  </suite> <!-- milkwaymavenPro2.NewTest -->
</testng-results>
