<?xml version="1.0" encoding="UTF-8"?>
<testng-results skipped="0" failed="0" total="1" passed="1">
  <reporter-output>
  </reporter-output>
  <suite name="Suite" duration-ms="18259" started-at="2019-08-21T03:44:19Z" finished-at="2019-08-21T03:44:37Z">
    <groups>
    </groups>
    <test name="Test" duration-ms="18259" started-at="2019-08-21T03:44:19Z" finished-at="2019-08-21T03:44:37Z">
      <class name="ecshop.ECShopSearchNewTest">
        <test-method status="PASS" signature="beforeTest()[pri:0, instance:ecshop.ECShopSearchNewTest@7c30a502]" name="beforeTest" is-config="true" duration-ms="6960" started-at="2019-08-21T11:44:19Z" finished-at="2019-08-21T11:44:26Z">
          <reporter-output>
          </reporter-output>
        </test-method> <!-- beforeTest -->
        <test-method status="PASS" signature="f()[pri:0, instance:ecshop.ECShopSearchNewTest@7c30a502]" name="f" duration-ms="9349" started-at="2019-08-21T11:44:26Z" finished-at="2019-08-21T11:44:35Z">
          <reporter-output>
          </reporter-output>
        </test-method> <!-- f -->
        <test-method status="PASS" signature="afterTest()[pri:0, instance:ecshop.ECShopSearchNewTest@7c30a502]" name="afterTest" is-config="true" duration-ms="1935" started-at="2019-08-21T11:44:35Z" finished-at="2019-08-21T11:44:37Z">
          <reporter-output>
          </reporter-output>
        </test-method> <!-- afterTest -->
      </class> <!-- ecshop.ECShopSearchNewTest -->
    </test> <!-- Test -->
  </suite> <!-- Suite -->
</testng-results>
