<?xml version="1.0" encoding="UTF-8"?>
<testng-results skipped="0" failed="0" total="1" passed="1">
  <reporter-output>
  </reporter-output>
  <suite name="Default suite" duration-ms="9671" started-at="2019-08-22T03:46:11Z" finished-at="2019-08-22T03:46:21Z">
    <groups>
    </groups>
    <test name="Default test" duration-ms="9671" started-at="2019-08-22T03:46:11Z" finished-at="2019-08-22T03:46:21Z">
      <class name="milkwaymavenPro2.Log4jNewTest">
        <test-method status="PASS" signature="beforeTest()[pri:0, instance:milkwaymavenPro2.Log4jNewTest@46d56d67]" name="beforeTest" is-config="true" duration-ms="6050" started-at="2019-08-22T11:46:11Z" finished-at="2019-08-22T11:46:17Z">
          <reporter-output>
          </reporter-output>
        </test-method> <!-- beforeTest -->
        <test-method status="PASS" signature="f()[pri:0, instance:milkwaymavenPro2.Log4jNewTest@46d56d67]" name="f" duration-ms="3439" started-at="2019-08-22T11:46:17Z" finished-at="2019-08-22T11:46:21Z">
          <reporter-output>
          </reporter-output>
        </test-method> <!-- f -->
        <test-method status="PASS" signature="afterTest()[pri:0, instance:milkwaymavenPro2.Log4jNewTest@46d56d67]" name="afterTest" is-config="true" duration-ms="163" started-at="2019-08-22T11:46:21Z" finished-at="2019-08-22T11:46:21Z">
          <reporter-output>
          </reporter-output>
        </test-method> <!-- afterTest -->
      </class> <!-- milkwaymavenPro2.Log4jNewTest -->
    </test> <!-- Default test -->
  </suite> <!-- Default suite -->
</testng-results>
